#
# A fatal error has been detected by the Java Runtime Environment:
#
#  EXCEPTION_ACCESS_VIOLATION (0xc0000005) at pc=0x00007ffa49ed424f, pid=12656, tid=25540
#
# JRE version: Java(TM) SE Runtime Environment 18.9 (11.0.11+9) (build 11.0.11+9-LTS-194)
# Java VM: Java HotSpot(TM) 64-Bit Server VM 18.9 (11.0.11+9-LTS-194, mixed mode, tiered, compressed oops, parallel gc, windows-amd64)
# Problematic frame:
# V  [jvm.dll+0x36424f]
#
# No core dump will be written. Minidumps are not enabled by default on client versions of Windows
#
# If you would like to submit a bug report, please visit:
#   https://bugreport.java.com/bugreport/crash.jsp
#

---------------  S U M M A R Y ------------

Command Line: --add-modules=ALL-SYSTEM --add-opens=java.base/java.util=ALL-UNNAMED --add-opens=java.base/java.lang=ALL-UNNAMED -Declipse.application=org.eclipse.jdt.ls.core.id1 -Dosgi.bundles.defaultStartLevel=4 -Declipse.product=org.eclipse.jdt.ls.core.product -Djava.import.generatesMetadataFilesAtProjectRoot=false -Dfile.encoding=utf8 -DwatchParentProcess=false -XX:+UseParallelGC -XX:GCTimeRatio=4 -XX:AdaptiveSizePolicyWeight=90 -Dsun.zip.disableMemoryMapping=true -Xmx1G -Xms100m -Xverify:none c:\Users\jully.nixon.tenorio\.vscode\extensions\redhat.java-1.1.0\server\plugins\org.eclipse.equinox.launcher_1.6.400.v20210924-0641.jar -configuration c:\Users\jully.nixon.tenorio\AppData\Roaming\Code\User\globalStorage\redhat.java\1.1.0\config_ss_win -data c:\Users\jully.nixon.tenorio\AppData\Roaming\Code\User\workspaceStorage\191c064d612e83cc5ce315c9cd177510\redhat.java\ss_ws

Host: Intel(R) Core(TM) i7-8650U CPU @ 1.90GHz, 8 cores, 15G,  Windows 10 , 64 bit Build 19041 (10.0.19041.1348)
Time: Sun Dec 12 16:09:09 2021 SA Eastern Standard Time elapsed time: 21.316598 seconds (0d 0h 0m 21s)

---------------  T H R E A D  ---------------

Current thread (0x000001796c832000):  JavaThread "pool-1-thread-1" [_thread_in_vm, id=25540, stack(0x0000002d41d00000,0x0000002d41e00000)]

Stack: [0x0000002d41d00000,0x0000002d41e00000],  sp=0x0000002d41dfd3d0,  free space=1012k
Native frames: (J=compiled Java code, j=interpreted, Vv=VM code, C=native code)
V  [jvm.dll+0x36424f]
C  0x0000017957a7d96d

Java frames: (J=compiled Java code, j=interpreted, Vv=VM code)
j  org.eclipse.jdt.internal.compiler.parser.Scanner.getNextToken0()I+93
j  org.eclipse.jdt.internal.compiler.parser.Scanner.getNextToken()I+47
j  org.eclipse.jdt.internal.compiler.parser.Parser.fetchNextToken()I+4
j  org.eclipse.jdt.internal.compiler.parser.Parser.parse()V+329
j  org.eclipse.jdt.internal.compiler.parser.Parser.parse(Lorg/eclipse/jdt/internal/compiler/env/ICompilationUnit;Lorg/eclipse/jdt/internal/compiler/CompilationResult;II)Lorg/eclipse/jdt/internal/compiler/ast/CompilationUnitDeclaration;+178
j  org.eclipse.jdt.internal.compiler.parser.Parser.parse(Lorg/eclipse/jdt/internal/compiler/env/ICompilationUnit;Lorg/eclipse/jdt/internal/compiler/CompilationResult;)Lorg/eclipse/jdt/internal/compiler/ast/CompilationUnitDeclaration;+5
j  org.eclipse.jdt.internal.compiler.SourceElementParser.parseCompilationUnit(Lorg/eclipse/jdt/internal/compiler/env/ICompilationUnit;ZLorg/eclipse/core/runtime/IProgressMonitor;)Lorg/eclipse/jdt/internal/compiler/ast/CompilationUnitDeclaration;+53
j  org.eclipse.jdt.internal.core.CompilationUnit.buildStructure(Lorg/eclipse/jdt/internal/core/OpenableElementInfo;Lorg/eclipse/core/runtime/IProgressMonitor;Ljava/util/Map;Lorg/eclipse/core/resources/IResource;)Z+523
J 3071 c1 org.eclipse.jdt.internal.core.Openable.generateInfos(Ljava/lang/Object;Ljava/util/HashMap;Lorg/eclipse/core/runtime/IProgressMonitor;)V (281 bytes) @ 0x000001795864213c [0x0000017958640b20+0x000000000000161c]
J 3057 c1 org.eclipse.jdt.internal.core.JavaElement.openWhenClosed(Ljava/lang/Object;ZLorg/eclipse/core/runtime/IProgressMonitor;)Ljava/lang/Object; (169 bytes) @ 0x00000179586207f4 [0x0000017958620140+0x00000000000006b4]
j  org.eclipse.jdt.internal.core.BecomeWorkingCopyOperation.executeOperation()V+29
j  org.eclipse.jdt.internal.core.JavaModelOperation.run(Lorg/eclipse/core/runtime/IProgressMonitor;)V+55
j  org.eclipse.jdt.internal.core.JavaModelOperation.runOperation(Lorg/eclipse/core/runtime/IProgressMonitor;)V+32
j  org.eclipse.jdt.internal.core.CompilationUnit.becomeWorkingCopy(Lorg/eclipse/jdt/core/IProblemRequestor;Lorg/eclipse/core/runtime/IProgressMonitor;)V+37
j  org.eclipse.jdt.internal.core.CompilationUnit.becomeWorkingCopy(Lorg/eclipse/core/runtime/IProgressMonitor;)V+23
j  org.eclipse.jdt.ls.core.internal.handlers.BaseDocumentLifeCycleHandler.handleOpen(Lorg/eclipse/lsp4j/DidOpenTextDocumentParams;)Lorg/eclipse/jdt/core/ICompilationUnit;+144
j  org.eclipse.jdt.ls.core.internal.handlers.BaseDocumentLifeCycleHandler$5.run(Lorg/eclipse/core/runtime/IProgressMonitor;)V+8
j  org.eclipse.core.internal.resources.Workspace.run(Lorg/eclipse/core/runtime/ICoreRunnable;Lorg/eclipse/core/runtime/jobs/ISchedulingRule;ILorg/eclipse/core/runtime/IProgressMonitor;)V+69
j  org.eclipse.core.internal.resources.Workspace.run(Lorg/eclipse/core/resources/IWorkspaceRunnable;Lorg/eclipse/core/runtime/jobs/ISchedulingRule;ILorg/eclipse/core/runtime/IProgressMonitor;)V+6
j  org.eclipse.jdt.ls.core.internal.handlers.BaseDocumentLifeCycleHandler.didOpen(Lorg/eclipse/lsp4j/DidOpenTextDocumentParams;)V+59
j  org.eclipse.jdt.ls.core.internal.syntaxserver.SyntaxLanguageServer.didOpen(Lorg/eclipse/lsp4j/DidOpenTextDocumentParams;)V+11
v  ~StubRoutines::call_stub
j  jdk.internal.reflect.NativeMethodAccessorImpl.invoke0(Ljava/lang/reflect/Method;Ljava/lang/Object;[Ljava/lang/Object;)Ljava/lang/Object;+0 java.base@11.0.11
j  jdk.internal.reflect.NativeMethodAccessorImpl.invoke(Ljava/lang/Object;[Ljava/lang/Object;)Ljava/lang/Object;+100 java.base@11.0.11
J 1062 c1 jdk.internal.reflect.DelegatingMethodAccessorImpl.invoke(Ljava/lang/Object;[Ljava/lang/Object;)Ljava/lang/Object; java.base@11.0.11 (10 bytes) @ 0x00000179581c063c [0x00000179581c0540+0x00000000000000fc]
J 1061 c1 java.lang.reflect.Method.invoke(Ljava/lang/Object;[Ljava/lang/Object;)Ljava/lang/Object; java.base@11.0.11 (65 bytes) @ 0x00000179581c012c [0x00000179581bfe00+0x000000000000032c]
j  org.eclipse.lsp4j.jsonrpc.services.GenericEndpoint.lambda$null$0(Lorg/eclipse/lsp4j/jsonrpc/services/AnnotationUtil$MethodInfo;Ljava/lang/Object;Ljava/lang/Object;)Ljava/util/concurrent/CompletableFuture;+20
j  org.eclipse.lsp4j.jsonrpc.services.GenericEndpoint$$Lambda$168.apply(Ljava/lang/Object;)Ljava/lang/Object;+13
j  org.eclipse.lsp4j.jsonrpc.services.GenericEndpoint.notify(Ljava/lang/String;Ljava/lang/Object;)V+18
j  org.eclipse.lsp4j.jsonrpc.RemoteEndpoint.handleNotification(Lorg/eclipse/lsp4j/jsonrpc/messages/NotificationMessage;)V+20
j  org.eclipse.lsp4j.jsonrpc.RemoteEndpoint.consume(Lorg/eclipse/lsp4j/jsonrpc/messages/Message;)V+14
j  org.eclipse.lsp4j.jsonrpc.json.StreamMessageProducer.handleMessage(Ljava/io/InputStream;Lorg/eclipse/lsp4j/jsonrpc/json/StreamMessageProducer$Headers;)Z+99
j  org.eclipse.lsp4j.jsonrpc.json.StreamMessageProducer.listen(Lorg/eclipse/lsp4j/jsonrpc/MessageConsumer;)V+158
j  org.eclipse.lsp4j.jsonrpc.json.ConcurrentMessageProcessor.run()V+12
j  java.util.concurrent.Executors$RunnableAdapter.call()Ljava/lang/Object;+4 java.base@11.0.11
j  java.util.concurrent.FutureTask.run()V+39 java.base@11.0.11
j  java.util.concurrent.ThreadPoolExecutor.runWorker(Ljava/util/concurrent/ThreadPoolExecutor$Worker;)V+92 java.base@11.0.11
j  java.util.concurrent.ThreadPoolExecutor$Worker.run()V+5 java.base@11.0.11
j  java.lang.Thread.run()V+11 java.base@11.0.11
v  ~StubRoutines::call_stub

siginfo: EXCEPTION_ACCESS_VIOLATION (0xc0000005), reading address 0x00000000ece587c4


Register to memory mapping:

RIP=0x00007ffa49ed424f jvm.dll
RAX=0x000000000000000c is an unknown value
RBX=0x0000000000000f11 is an unknown value
RCX=0x0000002d41dfd400 is pointing into the stack for thread: 0x000001796c832000
RDX=0x00007ffa4a399708 jvm.dll
RSP=0x0000002d41dfd3d0 is pointing into the stack for thread: 0x000001796c832000
RBP=0x000001796c8521f0 points into unknown readable memory: 00 00 00 00 00 00 00 00
RSI=0x000001796c84c5d0 points into unknown readable memory: 02 00 00 00 79 01 00 00
RDI=0x000001796c832000 is a thread
R8 =0x0000000000000f11 is an unknown value
R9 =0x0000002d41dfd340 is pointing into the stack for thread: 0x000001796c832000
R10=0x0 is NULL
R11=0xb80000000000008a is an unknown value
R12=0x00000000ece587b8 is an unallocated location in the heap
R13=0x00000000000003d8 is an unknown value
R14=0x000001796c852200 points into unknown readable memory: 54 33 67 6b 79 01 00 00
R15=0x000001796c8525d8 points into unknown readable memory: 15 26 ec 0e ff 0d 00 88


Registers:
RAX=0x000000000000000c, RBX=0x0000000000000f11, RCX=0x0000002d41dfd400, RDX=0x00007ffa4a399708
RSP=0x0000002d41dfd3d0, RBP=0x000001796c8521f0, RSI=0x000001796c84c5d0, RDI=0x000001796c832000
R8 =0x0000000000000f11, R9 =0x0000002d41dfd340, R10=0x0000000000000000, R11=0xb80000000000008a
R12=0x00000000ece587b8, R13=0x00000000000003d8, R14=0x000001796c852200, R15=0x000001796c8525d8
RIP=0x00007ffa49ed424f, EFLAGS=0x0000000000010202

Top of Stack: (sp=0x0000002d41dfd3d0)
0x0000002d41dfd3d0:   0000000000000f11 0000000000000f11
0x0000002d41dfd3e0:   000000000000000d 000001796c832000
0x0000002d41dfd3f0:   000000000000000a 00007ffa4a15a2f5
0x0000002d41dfd400:   00007ffa4a40dab0 0000005000000000
0x0000002d41dfd410:   0000000000000000 0000000000000000
0x0000002d41dfd420:   0000000000000000 0000000000000000
0x0000002d41dfd430:   0000000000000000 000001796bb61500
0x0000002d41dfd440:   0000000000000000 0000000000000100
0x0000002d41dfd450:   000001796e89b200 0000002d41dfd4b0
0x0000002d41dfd460:   000001796c832000 0000002d41dfd580
0x0000002d41dfd470:   000001796e8980cd 0000000000000000
0x0000002d41dfd480:   0000000000000004 0000017957a7d96d
0x0000002d41dfd490:   000001796c832000 0000000000000f11
0x0000002d41dfd4a0:   0000002d41dfd500 000000000000000d
0x0000002d41dfd4b0:   0000017957a7d911 0000002d41dfd4b8
0x0000002d41dfd4c0:   000001796e8980cd 0000002d41dfd580 

Instructions: (pc=0x00007ffa49ed424f)
0x00007ffa49ed422f:   8c 6c 00 00 48 8d 15 ce 54 4c 00 b9 0c 00 00 00
0x00007ffa49ed423f:   b8 10 00 00 00 0f 45 c1 44 8b c3 48 8d 4c 24 30
0x00007ffa49ed424f:   46 8b 0c 20 e8 b8 4d 2b 00 48 8b 1d e1 03 70 00
0x00007ffa49ed425f:   48 8d 4c 24 30 e8 87 3e 2b 00 4c 8b cb 48 89 44 


Stack slot to memory mapping:
stack at sp + 0 slots: 0x0000000000000f11 is an unknown value
stack at sp + 1 slots: 0x0000000000000f11 is an unknown value
stack at sp + 2 slots: 0x000000000000000d is an unknown value
stack at sp + 3 slots: 0x000001796c832000 is a thread
stack at sp + 4 slots: 0x000000000000000a is an unknown value
stack at sp + 5 slots: 0x00007ffa4a15a2f5 jvm.dll
stack at sp + 6 slots: 0x00007ffa4a40dab0 jvm.dll
stack at sp + 7 slots: 0x0000005000000000 is an unknown value


---------------  P R O C E S S  ---------------

Threads class SMR info:
_java_thread_list=0x000001796c9e8340, length=19, elements={
0x000001794f5ee000, 0x000001796945e000, 0x000001796945f000, 0x000001796a2f5800,
0x000001796a2f6000, 0x0000017969468800, 0x000001796946d000, 0x000001796946e000,
0x000001796a449800, 0x000001796a49d000, 0x000001796bcae800, 0x000001796bcf3000,
0x000001796b80c800, 0x000001796bd0c800, 0x000001796c5f5800, 0x000001796c616000,
0x000001796c603000, 0x000001796c832000, 0x000001796bbc0800
}

Java Threads: ( => current thread )
  0x000001794f5ee000 JavaThread "main" [_thread_blocked, id=6456, stack(0x0000002d40000000,0x0000002d40100000)]
  0x000001796945e000 JavaThread "Reference Handler" daemon [_thread_blocked, id=20004, stack(0x0000002d40300000,0x0000002d40400000)]
  0x000001796945f000 JavaThread "Finalizer" daemon [_thread_blocked, id=22836, stack(0x0000002d40400000,0x0000002d40500000)]
  0x000001796a2f5800 JavaThread "Signal Dispatcher" daemon [_thread_blocked, id=10808, stack(0x0000002d40500000,0x0000002d40600000)]
  0x000001796a2f6000 JavaThread "Attach Listener" daemon [_thread_blocked, id=21844, stack(0x0000002d40600000,0x0000002d40700000)]
  0x0000017969468800 JavaThread "C2 CompilerThread0" daemon [_thread_blocked, id=26528, stack(0x0000002d40700000,0x0000002d40800000)]
  0x000001796946d000 JavaThread "C1 CompilerThread0" daemon [_thread_blocked, id=24804, stack(0x0000002d40800000,0x0000002d40900000)]
  0x000001796946e000 JavaThread "Sweeper thread" daemon [_thread_blocked, id=26172, stack(0x0000002d40900000,0x0000002d40a00000)]
  0x000001796a449800 JavaThread "Common-Cleaner" daemon [_thread_blocked, id=10560, stack(0x0000002d40a00000,0x0000002d40b00000)]
  0x000001796a49d000 JavaThread "Service Thread" daemon [_thread_blocked, id=26180, stack(0x0000002d40c00000,0x0000002d40d00000)]
  0x000001796bcae800 JavaThread "Active Thread: Equinox Container: 423bfe90-92be-4e58-98b8-f0772150b3c1" [_thread_blocked, id=11772, stack(0x0000002d40e00000,0x0000002d40f00000)]
  0x000001796bcf3000 JavaThread "Framework Event Dispatcher: Equinox Container: 423bfe90-92be-4e58-98b8-f0772150b3c1" daemon [_thread_blocked, id=7516, stack(0x0000002d40f00000,0x0000002d41000000)]
  0x000001796b80c800 JavaThread "Start Level: Equinox Container: 423bfe90-92be-4e58-98b8-f0772150b3c1" daemon [_thread_blocked, id=24760, stack(0x0000002d41000000,0x0000002d41100000)]
  0x000001796bd0c800 JavaThread "SCR Component Actor" daemon [_thread_blocked, id=360, stack(0x0000002d41400000,0x0000002d41500000)]
  0x000001796c5f5800 JavaThread "Worker-JM" [_thread_blocked, id=24296, stack(0x0000002d41600000,0x0000002d41700000)]
  0x000001796c616000 JavaThread "Worker-0" [_thread_blocked, id=6720, stack(0x0000002d41800000,0x0000002d41900000)]
  0x000001796c603000 JavaThread "Worker-1" [_thread_blocked, id=18016, stack(0x0000002d41900000,0x0000002d41a00000)]
=>0x000001796c832000 JavaThread "pool-1-thread-1" [_thread_in_vm, id=25540, stack(0x0000002d41d00000,0x0000002d41e00000)]
  0x000001796bbc0800 JavaThread "Worker-2" [_thread_blocked, id=14396, stack(0x0000002d41f00000,0x0000002d42000000)]

Other Threads:
  0x0000017969449800 VMThread "VM Thread" [stack: 0x0000002d40200000,0x0000002d40300000] [id=21440]
  0x000001796a61d000 WatcherThread [stack: 0x0000002d40d00000,0x0000002d40e00000] [id=25712]
  0x000001794f603800 GCTaskThread "ParGC Thread#0" [stack: 0x0000002d40100000,0x0000002d40200000] [id=7500]
  0x000001796c5bc800 GCTaskThread "ParGC Thread#1" [stack: 0x0000002d41100000,0x0000002d41200000] [id=26364]
  0x000001796c5bd800 GCTaskThread "ParGC Thread#2" [stack: 0x0000002d41200000,0x0000002d41300000] [id=3892]
  0x000001796c5aa800 GCTaskThread "ParGC Thread#3" [stack: 0x0000002d41300000,0x0000002d41400000] [id=6628]
  0x000001796c2bb800 GCTaskThread "ParGC Thread#4" [stack: 0x0000002d40b00000,0x0000002d40c00000] [id=20800]
  0x000001796c28d000 GCTaskThread "ParGC Thread#5" [stack: 0x0000002d41700000,0x0000002d41800000] [id=6532]
  0x000001796c86f800 GCTaskThread "ParGC Thread#6" [stack: 0x0000002d41b00000,0x0000002d41c00000] [id=2536]
  0x000001796c76b800 GCTaskThread "ParGC Thread#7" [stack: 0x0000002d41c00000,0x0000002d41d00000] [id=24016]

Threads with active compile tasks:
C1 CompilerThread0  21518 3185       3       org.eclipse.jdt.internal.compiler.parser.Parser::consumeRule (7754 bytes)

VM state:synchronizing (normal execution)

VM Mutex/Monitor currently owned by a thread:  ([mutex/lock_event])
[0x000001794f5ec4b0] Threads_lock - owner thread: 0x0000017969449800

Heap address: 0x00000000c0000000, size: 1024 MB, Compressed Oops mode: 32-bit
Narrow klass base: 0x0000000000000000, Narrow klass shift: 3
Compressed class space size: 1073741824 Address: 0x0000000100000000

Heap:
 PSYoungGen      total 22016K, used 15K [0x00000000eab00000, 0x00000000eca00000, 0x0000000100000000)
  eden space 21504K, 0% used [0x00000000eab00000,0x00000000eab03d40,0x00000000ec000000)
  from space 512K, 0% used [0x00000000ec000000,0x00000000ec000000,0x00000000ec080000)
  to   space 3584K, 0% used [0x00000000ec680000,0x00000000ec680000,0x00000000eca00000)
 ParOldGen       total 68608K, used 24388K [0x00000000c0000000, 0x00000000c4300000, 0x00000000eab00000)
  object space 68608K, 35% used [0x00000000c0000000,0x00000000c17d12a8,0x00000000c4300000)
 Metaspace       used 33372K, capacity 35341K, committed 35584K, reserved 1081344K
  class space    used 3167K, capacity 3809K, committed 3840K, reserved 1048576K

Card table byte_map: [0x000001794efb0000,0x000001794f1c0000] _byte_map_base: 0x000001794e9b0000

Marking Bits: (ParMarkBitMap*) 0x00007ffa4a5b57a0
 Begin Bits: [0x0000017966a70000, 0x0000017967a70000)
 End Bits:   [0x0000017967a70000, 0x0000017968a70000)

Polling page: 0x000001794eda0000

Metaspace:

Usage:
  Non-class:     30.79 MB capacity,    29.50 MB ( 96%) used,     1.23 MB (  4%) free+waste,    72.69 KB ( <1%) overhead. 
      Class:      3.72 MB capacity,     3.09 MB ( 83%) used,   606.57 KB ( 16%) free+waste,    34.69 KB ( <1%) overhead. 
       Both:     34.51 MB capacity,    32.59 MB ( 94%) used,     1.82 MB (  5%) free+waste,   107.38 KB ( <1%) overhead. 

Virtual space:
  Non-class space:       32.00 MB reserved,      31.00 MB ( 97%) committed 
      Class space:        1.00 GB reserved,       3.75 MB ( <1%) committed 
             Both:        1.03 GB reserved,      34.75 MB (  3%) committed 

Chunk freelists:
   Non-Class:  2.50 KB
       Class:  3.88 KB
        Both:  6.38 KB

CodeHeap 'non-profiled nmethods': size=120000Kb used=1496Kb max_used=1496Kb free=118503Kb
 bounds [0x000001795f540000, 0x000001795f7b0000, 0x0000017966a70000]
CodeHeap 'profiled nmethods': size=120000Kb used=6727Kb max_used=6727Kb free=113272Kb
 bounds [0x0000017958010000, 0x00000179586b0000, 0x000001795f540000]
CodeHeap 'non-nmethods': size=5760Kb used=1191Kb max_used=1230Kb free=4569Kb
 bounds [0x0000017957a70000, 0x0000017957ce0000, 0x0000017958010000]
 total_blobs=3718 nmethods=3168 adapters=463
 compilation: enabled
              stopped_count=0, restarted_count=0
 full_count=0

Compilation events (10 events):
Event: 20.885 Thread 0x000001796946d000 3180       3       org.eclipse.jdt.internal.compiler.parser.Scanner::internalScanIdentifierOrKeyword (4733 bytes)
Event: 20.933 Thread 0x0000017969468800 nmethod 3162 0x000001795f6b4b90 code [0x000001795f6b4d60, 0x000001795f6b5b38]
Event: 20.943 Thread 0x000001796946d000 nmethod 3180 0x0000017958694590 code [0x0000017958694e60, 0x000001795869f0e8]
Event: 20.943 Thread 0x000001796946d000 3181       3       org.eclipse.jdt.internal.compiler.parser.Parser::tAction (35 bytes)
Event: 20.943 Thread 0x000001796946d000 nmethod 3181 0x00000179586a0f10 code [0x00000179586a10c0, 0x00000179586a1298]
Event: 20.943 Thread 0x000001796946d000 3182       3       org.eclipse.jdt.internal.compiler.parser.Parser::actFromTokenOrSynthetic (9 bytes)
Event: 20.944 Thread 0x000001796946d000 nmethod 3182 0x00000179586a1410 code [0x00000179586a15c0, 0x00000179586a1818]
Event: 20.944 Thread 0x000001796946d000 3183       3       org.eclipse.jdt.internal.compiler.parser.Parser::ntAction (8 bytes)
Event: 20.944 Thread 0x000001796946d000 nmethod 3183 0x00000179586a1990 code [0x00000179586a1b40, 0x00000179586a1c58]
Event: 20.944 Thread 0x000001796946d000 3185       3       org.eclipse.jdt.internal.compiler.parser.Parser::consumeRule (7754 bytes)

GC Heap History (10 events):
Event: 7.555 GC heap before
{Heap before GC invocations=9 (full 1):
 PSYoungGen      total 30720K, used 30705K [0x00000000eab00000, 0x00000000ed480000, 0x0000000100000000)
  eden space 24064K, 100% used [0x00000000eab00000,0x00000000ec280000,0x00000000ec280000)
  from space 6656K, 99% used [0x00000000ec380000,0x00000000ec9fc4b8,0x00000000eca00000)
  to   space 9216K, 0% used [0x00000000ecb80000,0x00000000ecb80000,0x00000000ed480000)
 ParOldGen       total 68608K, used 10662K [0x00000000c0000000, 0x00000000c4300000, 0x00000000eab00000)
  object space 68608K, 15% used [0x00000000c0000000,0x00000000c0a699d0,0x00000000c4300000)
 Metaspace       used 30818K, capacity 32613K, committed 32896K, reserved 1079296K
  class space    used 2971K, capacity 3604K, committed 3712K, reserved 1048576K
}
Event: 7.587 GC heap after
{Heap after GC invocations=9 (full 1):
 PSYoungGen      total 30720K, used 6707K [0x00000000eab00000, 0x00000000ed280000, 0x0000000100000000)
  eden space 23552K, 0% used [0x00000000eab00000,0x00000000eab00000,0x00000000ec200000)
  from space 7168K, 93% used [0x00000000ecb80000,0x00000000ed20cea8,0x00000000ed280000)
  to   space 7680K, 0% used [0x00000000ec380000,0x00000000ec380000,0x00000000ecb00000)
 ParOldGen       total 68608K, used 12790K [0x00000000c0000000, 0x00000000c4300000, 0x00000000eab00000)
  object space 68608K, 18% used [0x00000000c0000000,0x00000000c0c7da40,0x00000000c4300000)
 Metaspace       used 30818K, capacity 32613K, committed 32896K, reserved 1079296K
  class space    used 2971K, capacity 3604K, committed 3712K, reserved 1048576K
}
Event: 7.647 GC heap before
{Heap before GC invocations=10 (full 1):
 PSYoungGen      total 30720K, used 30259K [0x00000000eab00000, 0x00000000ed280000, 0x0000000100000000)
  eden space 23552K, 100% used [0x00000000eab00000,0x00000000ec200000,0x00000000ec200000)
  from space 7168K, 93% used [0x00000000ecb80000,0x00000000ed20cea8,0x00000000ed280000)
  to   space 7680K, 0% used [0x00000000ec380000,0x00000000ec380000,0x00000000ecb00000)
 ParOldGen       total 68608K, used 12790K [0x00000000c0000000, 0x00000000c4300000, 0x00000000eab00000)
  object space 68608K, 18% used [0x00000000c0000000,0x00000000c0c7da40,0x00000000c4300000)
 Metaspace       used 30818K, capacity 32613K, committed 32896K, reserved 1079296K
  class space    used 2971K, capacity 3604K, committed 3712K, reserved 1048576K
}
Event: 7.678 GC heap after
{Heap after GC invocations=10 (full 1):
 PSYoungGen      total 29184K, used 5920K [0x00000000eab00000, 0x00000000ece80000, 0x0000000100000000)
  eden space 23040K, 0% used [0x00000000eab00000,0x00000000eab00000,0x00000000ec180000)
  from space 6144K, 96% used [0x00000000ec380000,0x00000000ec948010,0x00000000ec980000)
  to   space 5120K, 0% used [0x00000000ec980000,0x00000000ec980000,0x00000000ece80000)
 ParOldGen       total 68608K, used 15674K [0x00000000c0000000, 0x00000000c4300000, 0x00000000eab00000)
  object space 68608K, 22% used [0x00000000c0000000,0x00000000c0f4e8d8,0x00000000c4300000)
 Metaspace       used 30818K, capacity 32613K, committed 32896K, reserved 1079296K
  class space    used 2971K, capacity 3604K, committed 3712K, reserved 1048576K
}
Event: 20.888 GC heap before
{Heap before GC invocations=11 (full 1):
 PSYoungGen      total 29184K, used 28960K [0x00000000eab00000, 0x00000000ece80000, 0x0000000100000000)
  eden space 23040K, 100% used [0x00000000eab00000,0x00000000ec180000,0x00000000ec180000)
  from space 6144K, 96% used [0x00000000ec380000,0x00000000ec948010,0x00000000ec980000)
  to   space 5120K, 0% used [0x00000000ec980000,0x00000000ec980000,0x00000000ece80000)
 ParOldGen       total 68608K, used 15674K [0x00000000c0000000, 0x00000000c4300000, 0x00000000eab00000)
  object space 68608K, 22% used [0x00000000c0000000,0x00000000c0f4e8d8,0x00000000c4300000)
 Metaspace       used 33248K, capacity 35213K, committed 35328K, reserved 1081344K
  class space    used 3165K, capacity 3809K, committed 3840K, reserved 1048576K
}
Event: 20.932 GC heap after
{Heap after GC invocations=11 (full 1):
 PSYoungGen      total 26624K, used 5115K [0x00000000eab00000, 0x00000000ed400000, 0x0000000100000000)
  eden space 21504K, 0% used [0x00000000eab00000,0x00000000eab00000,0x00000000ec000000)
  from space 5120K, 99% used [0x00000000ec980000,0x00000000ece7ef70,0x00000000ece80000)
  to   space 9728K, 0% used [0x00000000ec000000,0x00000000ec000000,0x00000000ec980000)
 ParOldGen       total 68608K, used 19612K [0x00000000c0000000, 0x00000000c4300000, 0x00000000eab00000)
  object space 68608K, 28% used [0x00000000c0000000,0x00000000c13272c8,0x00000000c4300000)
 Metaspace       used 33248K, capacity 35213K, committed 35328K, reserved 1081344K
  class space    used 3165K, capacity 3809K, committed 3840K, reserved 1048576K
}
Event: 20.945 GC heap before
{Heap before GC invocations=12 (full 1):
 PSYoungGen      total 26624K, used 5221K [0x00000000eab00000, 0x00000000ed400000, 0x0000000100000000)
  eden space 21504K, 0% used [0x00000000eab00000,0x00000000eab1a4e8,0x00000000ec000000)
  from space 5120K, 99% used [0x00000000ec980000,0x00000000ece7ef70,0x00000000ece80000)
  to   space 9728K, 0% used [0x00000000ec000000,0x00000000ec000000,0x00000000ec980000)
 ParOldGen       total 68608K, used 19612K [0x00000000c0000000, 0x00000000c4300000, 0x00000000eab00000)
  object space 68608K, 28% used [0x00000000c0000000,0x00000000c13272c8,0x00000000c4300000)
 Metaspace       used 33356K, capacity 35277K, committed 35328K, reserved 1081344K
  class space    used 3167K, capacity 3809K, committed 3840K, reserved 1048576K
}
Event: 21.010 GC heap after
{Heap after GC invocations=12 (full 1):
 PSYoungGen      total 22016K, used 96K [0x00000000eab00000, 0x00000000eca00000, 0x0000000100000000)
  eden space 21504K, 0% used [0x00000000eab00000,0x00000000eab00000,0x00000000ec000000)
  from space 512K, 18% used [0x00000000ec000000,0x00000000ec018000,0x00000000ec080000)
  to   space 3584K, 0% used [0x00000000ec680000,0x00000000ec680000,0x00000000eca00000)
 ParOldGen       total 68608K, used 24741K [0x00000000c0000000, 0x00000000c4300000, 0x00000000eab00000)
  object space 68608K, 36% used [0x00000000c0000000,0x00000000c18295e0,0x00000000c4300000)
 Metaspace       used 33356K, capacity 35277K, committed 35328K, reserved 1081344K
  class space    used 3167K, capacity 3809K, committed 3840K, reserved 1048576K
}
Event: 21.010 GC heap before
{Heap before GC invocations=13 (full 2):
 PSYoungGen      total 22016K, used 96K [0x00000000eab00000, 0x00000000eca00000, 0x0000000100000000)
  eden space 21504K, 0% used [0x00000000eab00000,0x00000000eab00000,0x00000000ec000000)
  from space 512K, 18% used [0x00000000ec000000,0x00000000ec018000,0x00000000ec080000)
  to   space 3584K, 0% used [0x00000000ec680000,0x00000000ec680000,0x00000000eca00000)
 ParOldGen       total 68608K, used 24741K [0x00000000c0000000, 0x00000000c4300000, 0x00000000eab00000)
  object space 68608K, 36% used [0x00000000c0000000,0x00000000c18295e0,0x00000000c4300000)
 Metaspace       used 33356K, capacity 35277K, committed 35328K, reserved 1081344K
  class space    used 3167K, capacity 3809K, committed 3840K, reserved 1048576K
}
Event: 21.287 GC heap after
{Heap after GC invocations=13 (full 2):
 PSYoungGen      total 22016K, used 0K [0x00000000eab00000, 0x00000000eca00000, 0x0000000100000000)
  eden space 21504K, 0% used [0x00000000eab00000,0x00000000eab00000,0x00000000ec000000)
  from space 512K, 0% used [0x00000000ec000000,0x00000000ec000000,0x00000000ec080000)
  to   space 3584K, 0% used [0x00000000ec680000,0x00000000ec680000,0x00000000eca00000)
 ParOldGen       total 68608K, used 24388K [0x00000000c0000000, 0x00000000c4300000, 0x00000000eab00000)
  object space 68608K, 35% used [0x00000000c0000000,0x00000000c17d12a8,0x00000000c4300000)
 Metaspace       used 33356K, capacity 35277K, committed 35328K, reserved 1081344K
  class space    used 3167K, capacity 3809K, committed 3840K, reserved 1048576K
}

Deoptimization events (10 events):
Event: 7.232 Thread 0x000001796c603000 Uncommon trap: reason=profile_predicate action=maybe_recompile pc=0x000001795f678420 method=org.eclipse.jdt.internal.core.util.HashtableOfArrayToObject.get([Ljava/lang/Object;)Ljava/lang/Object; @ 64 c2
Event: 7.232 Thread 0x000001796c603000 Uncommon trap: reason=profile_predicate action=maybe_recompile pc=0x000001795f678420 method=org.eclipse.jdt.internal.core.util.HashtableOfArrayToObject.get([Ljava/lang/Object;)Ljava/lang/Object; @ 64 c2
Event: 7.547 Thread 0x000001796c603000 Uncommon trap: reason=profile_predicate action=maybe_recompile pc=0x000001795f692768 method=org.eclipse.jdt.internal.core.util.HashtableOfArrayToObject.get([Ljava/lang/Object;)Ljava/lang/Object; @ 64 c2
Event: 7.779 Thread 0x000001796c832000 Uncommon trap: reason=predicate action=maybe_recompile pc=0x000001795f61511c method=java.lang.PublicMethods$MethodList.filter([Ljava/lang/reflect/Method;Ljava/lang/String;[Ljava/lang/Class;Z)Ljava/lang/PublicMethods$MethodList; @ 21 c2
Event: 8.445 Thread 0x000001796c832000 Uncommon trap: reason=bimorphic_or_optimized_type_check action=maybe_recompile pc=0x000001795f62d758 method=java.util.stream.Sink$ChainedReference.cancellationRequested()Z @ 4 c2
Event: 8.445 Thread 0x000001796c832000 Uncommon trap: reason=bimorphic_or_optimized_type_check action=maybe_recompile pc=0x000001795f62d758 method=java.util.stream.Sink$ChainedReference.cancellationRequested()Z @ 4 c2
Event: 8.447 Thread 0x000001796c832000 Uncommon trap: reason=bimorphic_or_optimized_type_check action=maybe_recompile pc=0x000001795f62d758 method=java.util.stream.Sink$ChainedReference.cancellationRequested()Z @ 4 c2
Event: 8.447 Thread 0x000001796c832000 Uncommon trap: reason=bimorphic_or_optimized_type_check action=maybe_recompile pc=0x000001795f62d758 method=java.util.stream.Sink$ChainedReference.cancellationRequested()Z @ 4 c2
Event: 8.452 Thread 0x000001796c832000 Uncommon trap: reason=class_check action=maybe_recompile pc=0x000001795f64569c method=java.util.Spliterators$1Adapter.hasNext()Z @ 12 c2
Event: 8.452 Thread 0x000001796c832000 Uncommon trap: reason=class_check action=maybe_recompile pc=0x000001795f64569c method=java.util.Spliterators$1Adapter.hasNext()Z @ 12 c2

Classes redefined (0 events):
No events

Internal exceptions (10 events):
Event: 4.696 Thread 0x000001796b80c800 Exception <a 'java/lang/ClassNotFoundException'{0x00000000ebb11f30}: com/sun/org/apache/xerces/internal/impl/msg/spi/XMLMessagesProvider> (0x00000000ebb11f30) thrown at [./open/src/hotspot/share/classfile/systemDictionary.cpp, line 228]
Event: 4.830 Thread 0x000001796b80c800 Exception <a 'java/lang/ClassNotFoundException'{0x00000000ebd7ae88}: com/sun/org/apache/xml/internal/serializer/spi/XMLEntitiesProvider> (0x00000000ebd7ae88) thrown at [./open/src/hotspot/share/classfile/systemDictionary.cpp, line 228]
Event: 4.968 Thread 0x000001796b80c800 Exception <a 'java/io/FileNotFoundException'{0x00000000ebfe0da8}> (0x00000000ebfe0da8) thrown at [./open/src/hotspot/share/prims/jni.cpp, line 611]
Event: 4.990 Thread 0x000001796b80c800 Exception <a 'java/io/FileNotFoundException'{0x00000000ec00efd0}> (0x00000000ec00efd0) thrown at [./open/src/hotspot/share/prims/jni.cpp, line 611]
Event: 5.579 Thread 0x000001796c832000 Exception <a 'java/io/FileNotFoundException'{0x00000000ead9e048}> (0x00000000ead9e048) thrown at [./open/src/hotspot/share/prims/jni.cpp, line 611]
Event: 6.552 Thread 0x000001796c603000 Exception <a 'java/io/FileNotFoundException'{0x00000000ec291310}> (0x00000000ec291310) thrown at [./open/src/hotspot/share/prims/jni.cpp, line 611]
Event: 6.552 Thread 0x000001796c603000 Exception <a 'java/io/FileNotFoundException'{0x00000000ec292f48}> (0x00000000ec292f48) thrown at [./open/src/hotspot/share/prims/jni.cpp, line 611]
Event: 6.555 Thread 0x000001796c603000 Exception <a 'java/lang/NoSuchMethodError'{0x00000000ec29bc88}: java.lang.invoke.DirectMethodHandle$Holder.invokeStaticInit(Ljava/lang/Object;Ljava/lang/Object;Ljava/lang/Object;)V> (0x00000000ec29bc88) thrown at [./open/src/hotspot/share/interpreter/link
Event: 8.468 Thread 0x000001796c832000 Exception <a 'java/lang/ClassNotFoundException'{0x00000000ebd05800}: sun/util/logging/resources/spi/loggingProvider> (0x00000000ebd05800) thrown at [./open/src/hotspot/share/classfile/systemDictionary.cpp, line 228]
Event: 20.684 Thread 0x000001796c832000 Exception <a 'java/lang/NoSuchMethodError'{0x00000000ebd5a658}: java.lang.invoke.DirectMethodHandle$Holder.invokeInterface(Ljava/lang/Object;Ljava/lang/Object;Ljava/lang/Object;)Ljava/lang/Object;> (0x00000000ebd5a658) thrown at [./open/src/hotspot/share/

Events (10 events):
Event: 20.746 loading class org/eclipse/jdt/internal/compiler/problem/messages_en_US done
Event: 20.814 Thread 0x000001796c832000 DEOPT PACKING pc=0x000001795840a5ac sp=0x0000002d41dfc890
Event: 20.814 Thread 0x000001796c832000 DEOPT UNPACKING pc=0x0000017957a965de sp=0x0000002d41dfbdb0 mode 0
Event: 20.878 Executing VM operation: Deoptimize
Event: 20.879 Executing VM operation: Deoptimize done
Event: 20.888 Executing VM operation: ParallelGCFailedAllocation
Event: 20.932 Executing VM operation: ParallelGCFailedAllocation done
Event: 20.945 Executing VM operation: CollectForMetadataAllocation
Event: 21.287 Executing VM operation: CollectForMetadataAllocation done
Event: 21.289 Executing VM operation: RevokeBias


Dynamic libraries:
0x00007ff730840000 - 0x00007ff73084f000 	C:\Program Files\Java\jdk-11.0.11\bin\java.exe
0x00007ffaed390000 - 0x00007ffaed585000 	C:\WINDOWS\SYSTEM32\ntdll.dll
0x00007ffaec530000 - 0x00007ffaec5ee000 	C:\WINDOWS\System32\KERNEL32.DLL
0x00007ffaeabc0000 - 0x00007ffaeae88000 	C:\WINDOWS\System32\KERNELBASE.dll
0x00007ffadc7b0000 - 0x00007ffadc7c8000 	C:\Program Files\Java\jdk-11.0.11\bin\jli.dll
0x00007ffaec8c0000 - 0x00007ffaec96c000 	C:\WINDOWS\System32\ADVAPI32.dll
0x00007ffaeb180000 - 0x00007ffaeb280000 	C:\WINDOWS\System32\ucrtbase.dll
0x00007ffad1200000 - 0x00007ffad1215000 	C:\Program Files\Java\jdk-11.0.11\bin\VCRUNTIME140.dll
0x00007ffaebf70000 - 0x00007ffaec00e000 	C:\WINDOWS\System32\msvcrt.dll
0x00007ffaec130000 - 0x00007ffaec1cb000 	C:\WINDOWS\System32\sechost.dll
0x00007ffaec6a0000 - 0x00007ffaec7ca000 	C:\WINDOWS\System32\RPCRT4.dll
0x00007ffaec970000 - 0x00007ffaecb11000 	C:\WINDOWS\System32\USER32.dll
0x00007ffaeaff0000 - 0x00007ffaeb012000 	C:\WINDOWS\System32\win32u.dll
0x00007ffad38d0000 - 0x00007ffad3b6a000 	C:\WINDOWS\WinSxS\amd64_microsoft.windows.common-controls_6595b64144ccf1df_6.0.19041.1110_none_60b5254171f9507e\COMCTL32.dll
0x00007ffaecb20000 - 0x00007ffaecb4b000 	C:\WINDOWS\System32\GDI32.dll
0x00007ffaeaab0000 - 0x00007ffaeabbb000 	C:\WINDOWS\System32\gdi32full.dll
0x00007ffaeb0e0000 - 0x00007ffaeb17d000 	C:\WINDOWS\System32\msvcp_win.dll
0x00007ffadbc50000 - 0x00007ffadbc5a000 	C:\WINDOWS\SYSTEM32\VERSION.dll
0x00007ffaed1e0000 - 0x00007ffaed210000 	C:\WINDOWS\System32\IMM32.DLL
0x00007ffae95b0000 - 0x00007ffae96b2000 	C:\Program Files\Avecto\Privilege Guard Client\PGHook.dll
0x0000000068000000 - 0x000000006806f000 	C:\WINDOWS\System32\QIPCAP64.dll
0x00007ffaeb830000 - 0x00007ffaebf6f000 	C:\WINDOWS\System32\SHELL32.dll
0x00007ffae9f00000 - 0x00007ffae9fcb000 	C:\WINDOWS\SYSTEM32\DNSAPI.dll
0x00007ffae9ec0000 - 0x00007ffae9efb000 	C:\WINDOWS\SYSTEM32\IPHLPAPI.DLL
0x00007ffaed2e0000 - 0x00007ffaed2e8000 	C:\WINDOWS\System32\NSI.dll
0x00007ffaaf850000 - 0x00007ffaaf8eb000 	C:\Program Files\Java\jdk-11.0.11\bin\msvcp140.dll
0x00007ffa49b70000 - 0x00007ffa4a66e000 	C:\Program Files\Java\jdk-11.0.11\bin\server\jvm.dll
0x000001794ed20000 - 0x000001794ed28000 	C:\WINDOWS\System32\PSAPI.DLL
0x00007ffad25f0000 - 0x00007ffad25f9000 	C:\WINDOWS\SYSTEM32\WSOCK32.dll
0x000001794ed30000 - 0x000001794ed9b000 	C:\WINDOWS\System32\WS2_32.dll
0x00007ffad93a0000 - 0x00007ffad93c7000 	C:\WINDOWS\SYSTEM32\WINMM.dll
0x00007ffae9120000 - 0x00007ffae9132000 	C:\WINDOWS\SYSTEM32\kernel.appcore.dll
0x00007ffadeb30000 - 0x00007ffadeb40000 	C:\Program Files\Java\jdk-11.0.11\bin\verify.dll
0x00007ffae5480000 - 0x00007ffae5664000 	C:\WINDOWS\SYSTEM32\DBGHELP.DLL
0x00007ffacf3a0000 - 0x00007ffacf3cc000 	C:\WINDOWS\SYSTEM32\dbgcore.DLL
0x00007ffaeb020000 - 0x00007ffaeb0a3000 	C:\WINDOWS\System32\bcryptPrimitives.dll
0x00007ffab8090000 - 0x00007ffab80b8000 	C:\Program Files\Java\jdk-11.0.11\bin\java.dll
0x00007ffadd220000 - 0x00007ffadd22a000 	C:\Program Files\Java\jdk-11.0.11\bin\jimage.dll
0x00007ffac0170000 - 0x00007ffac0186000 	C:\Program Files\Java\jdk-11.0.11\bin\zip.dll
0x00007ffae8900000 - 0x00007ffae9090000 	C:\WINDOWS\SYSTEM32\windows.storage.dll
0x00007ffaec1d0000 - 0x00007ffaec525000 	C:\WINDOWS\System32\combase.dll
0x00007ffaea420000 - 0x00007ffaea44e000 	C:\WINDOWS\SYSTEM32\Wldp.dll
0x00007ffaeb780000 - 0x00007ffaeb82d000 	C:\WINDOWS\System32\SHCORE.dll
0x00007ffaeb400000 - 0x00007ffaeb455000 	C:\WINDOWS\System32\shlwapi.dll
0x00007ffaea9f0000 - 0x00007ffaeaa0f000 	C:\WINDOWS\SYSTEM32\profapi.dll
0x00007ffab6be0000 - 0x00007ffab6bf9000 	C:\Program Files\Java\jdk-11.0.11\bin\net.dll
0x00007ffae9ab0000 - 0x00007ffae9bbc000 	C:\WINDOWS\SYSTEM32\WINHTTP.dll
0x00007ffaea200000 - 0x00007ffaea26a000 	C:\WINDOWS\system32\mswsock.dll
0x00007ffab6450000 - 0x00007ffab6462000 	C:\Program Files\Java\jdk-11.0.11\bin\nio.dll
0x00007ffadc290000 - 0x00007ffadc2b5000 	C:\Program Files\Java\jdk-11.0.11\bin\sunec.dll
0x00007ffaea460000 - 0x00007ffaea478000 	C:\WINDOWS\SYSTEM32\CRYPTSP.dll
0x00007ffae9a20000 - 0x00007ffae9a54000 	C:\WINDOWS\system32\rsaenh.dll
0x00007ffaeb0b0000 - 0x00007ffaeb0d7000 	C:\WINDOWS\System32\bcrypt.dll
0x00007ffaea9b0000 - 0x00007ffaea9de000 	C:\WINDOWS\SYSTEM32\USERENV.dll
0x00007ffaea390000 - 0x00007ffaea39c000 	C:\WINDOWS\SYSTEM32\CRYPTBASE.dll
0x00007ffae0a70000 - 0x00007ffae0a87000 	C:\WINDOWS\SYSTEM32\dhcpcsvc6.DLL
0x00007ffae0a50000 - 0x00007ffae0a6d000 	C:\WINDOWS\SYSTEM32\dhcpcsvc.DLL
0x00007ffacb590000 - 0x00007ffacb5ce000 	C:\Users\jully.nixon.tenorio\AppData\Roaming\Code\User\globalStorage\redhat.java\1.1.0\config_ss_win\org.eclipse.equinox.launcher\org.eclipse.equinox.launcher.win32.win32.x86_64_1.2.400.v20211116-1129\eclipse_11601.dll
0x00007ffaeb460000 - 0x00007ffaeb58a000 	C:\WINDOWS\System32\ole32.dll
0x00007ffab3610000 - 0x00007ffab3621000 	C:\Users\jully.nixon.tenorio\AppData\Roaming\Code\User\globalStorage\redhat.java\1.1.0\config_ss_win\org.eclipse.osgi\16\0\.cp\jWinHttp-1.0.0.dll

dbghelp: loaded successfully - version: 4.0.5 - missing functions: none
symbol engine: initialized successfully - sym options: 0x614 - pdb path: .;C:\Program Files\Java\jdk-11.0.11\bin;C:\WINDOWS\SYSTEM32;C:\WINDOWS\WinSxS\amd64_microsoft.windows.common-controls_6595b64144ccf1df_6.0.19041.1110_none_60b5254171f9507e;C:\Program Files\Avecto\Privilege Guard Client;C:\Program Files\Java\jdk-11.0.11\bin\server;C:\Users\jully.nixon.tenorio\AppData\Roaming\Code\User\globalStorage\redhat.java\1.1.0\config_ss_win\org.eclipse.equinox.launcher\org.eclipse.equinox.launcher.win32.win32.x86_64_1.2.400.v20211116-1129;C:\Users\jully.nixon.tenorio\AppData\Roaming\Code\User\globalStorage\redhat.java\1.1.0\config_ss_win\org.eclipse.osgi\16\0\.cp

VM Arguments:
jvm_args: --add-modules=ALL-SYSTEM --add-opens=java.base/java.util=ALL-UNNAMED --add-opens=java.base/java.lang=ALL-UNNAMED -Declipse.application=org.eclipse.jdt.ls.core.id1 -Dosgi.bundles.defaultStartLevel=4 -Declipse.product=org.eclipse.jdt.ls.core.product -Djava.import.generatesMetadataFilesAtProjectRoot=false -Dfile.encoding=utf8 -DwatchParentProcess=false -XX:+UseParallelGC -XX:GCTimeRatio=4 -XX:AdaptiveSizePolicyWeight=90 -Dsun.zip.disableMemoryMapping=true -Xmx1G -Xms100m -Xverify:none 
java_command: c:\Users\jully.nixon.tenorio\.vscode\extensions\redhat.java-1.1.0\server\plugins\org.eclipse.equinox.launcher_1.6.400.v20210924-0641.jar -configuration c:\Users\jully.nixon.tenorio\AppData\Roaming\Code\User\globalStorage\redhat.java\1.1.0\config_ss_win -data c:\Users\jully.nixon.tenorio\AppData\Roaming\Code\User\workspaceStorage\191c064d612e83cc5ce315c9cd177510\redhat.java\ss_ws
java_class_path (initial): c:\Users\jully.nixon.tenorio\.vscode\extensions\redhat.java-1.1.0\server\plugins\org.eclipse.equinox.launcher_1.6.400.v20210924-0641.jar
Launcher Type: SUN_STANDARD

[Global flags]
    uintx AdaptiveSizePolicyWeight                 = 90                                        {product} {command line}
     bool BytecodeVerificationLocal                = false                                     {product} {command line}
     bool BytecodeVerificationRemote               = false                                     {product} {command line}
     intx CICompilerCount                          = 4                                         {product} {ergonomic}
    uintx GCTimeRatio                              = 4                                         {product} {command line}
   size_t InitialHeapSize                          = 104857600                                 {product} {command line}
   size_t MaxHeapSize                              = 1073741824                                {product} {command line}
   size_t MaxNewSize                               = 357564416                                 {product} {ergonomic}
   size_t MinHeapDeltaBytes                        = 524288                                    {product} {ergonomic}
   size_t NewSize                                  = 34603008                                  {product} {ergonomic}
    uintx NonNMethodCodeHeapSize                   = 5836300                                {pd product} {ergonomic}
    uintx NonProfiledCodeHeapSize                  = 122910970                              {pd product} {ergonomic}
   size_t OldSize                                  = 70254592                                  {product} {ergonomic}
    uintx ProfiledCodeHeapSize                     = 122910970                              {pd product} {ergonomic}
    uintx ReservedCodeCacheSize                    = 251658240                              {pd product} {ergonomic}
     bool SegmentedCodeCache                       = true                                      {product} {ergonomic}
     bool UseCompressedClassPointers               = true                                 {lp64_product} {ergonomic}
     bool UseCompressedOops                        = true                                 {lp64_product} {ergonomic}
     bool UseLargePagesIndividualAllocation        = false                                  {pd product} {ergonomic}
     bool UseParallelGC                            = true                                      {product} {command line}

Logging:
Log output configuration:
 #0: stdout all=warning uptime,level,tags
 #1: stderr all=off uptime,level,tags

Environment Variables:
JAVA_HOME=C:\Program Files\Java\jdk-11.0.11
PATH=C:\Python310\Scripts\;C:\Python310\;C:\Program Files\Common Files\Oracle\Java\javapath;C:\Program Files (x86)\Common Files\Oracle\Java\javapath;C:\WINDOWS\system32;C:\WINDOWS;C:\WINDOWS\System32\Wbem;C:\WINDOWS\System32\WindowsPowerShell\v1.0\;C:\WINDOWS\System32\OpenSSH\;C:\Program Files\Java\jdk-11.0.11\bin;C:\Gradle\gradle-6.5.1-all\gradle-6.5.1\bin;%ANDROID_HOME%\sdk\tools\bin;%ANDROID_HOME%\sdk\tools;C:\Gradle\gradle-6.5.1-all\gradle-6.5.1\bin\gradle-6.5.1-all\gradle-6.5.1\bin;%ANDROID_HOME%\sdk\platform-tools;C:\Program Files\Android\sdk\platform-tools;C:\Program Files (x86)\Symantec\VIP Access Client\;C:\Program Files\Docker\Docker\resources\bin;C:\ProgramData\DockerDesktop\version-bin;C:\oracle\instantclient_19_3;C:\ProgramData\chocolatey\bin;C:\Users\jully.nixon.tenorio\AppData\Roaming\nvm;C:\Program Files\nodejs;C:\Program Files (x86)\Pulse Secure\VC142.CRT\X64\;C:\Program Files (x86)\Pulse Secure\VC142.CRT\X86\;C:\Program Files (x86)\Common Files\Pulse Secure\VC142.CRT\X64\;C:\Program Files (x86)\Common Files\Pulse Secure\VC142.CRT\X86\;C:\Program Files\nodejs\;C:\maven\bin;C:\Users\jully.nixon.tenorio\.jbang\bin;C:\Users\jully.nixon.tenorio\AppData\Local\Programs\Python\Python39\Scripts\;C:\Users\jully.nixon.tenorio\AppData\Local\Programs\Python\Python39\;C:\Program Files\MySQL\MySQL Shell 8.0\bin\;C:\Users\jully.nixon.tenorio\AppData\Local\Microsoft\WindowsApps;C:\Users\jully.nixon.tenorio\AppData\Local\Programs\Microsoft VS Code\bin;C:\Users\jully.nixon.tenorio\AppData\Local\Programs\Git\cmd;C:\Users\jully.nixon.tenorio\AppData\Local\GitHubDesktop\bin;C:\Program Files\Android\sdk\platform-tools;C:\Users\jully.nixon.tenorio\AppData\Local\JetBrains\IntelliJ IDEA Community Edition 2021.1.1\bin;C:\Program Files\MongoDB\Server\4.4\bin;C:\Program Files\MongoDB\Tools\100\bin;C:\Users\jully.nixon.tenorio\AppData\Roaming\nvm;C:\Program Files\nodejs;C:\Users\jully.nixon.tenorio\AppData\Roaming\npm
USERNAME=jully.nixon.tenorio
OS=Windows_NT
PROCESSOR_IDENTIFIER=Intel64 Family 6 Model 142 Stepping 10, GenuineIntel



---------------  S Y S T E M  ---------------

OS: Windows 10 , 64 bit Build 19041 (10.0.19041.1348)
Hyper-V role detected

CPU:total 8 (initial active 8) (4 cores per cpu, 2 threads per core) family 6 model 142 stepping 10 microcode 0xd6, cmov, cx8, fxsr, mmx, sse, sse2, sse3, ssse3, sse4.1, sse4.2, popcnt, avx, avx2, aes, clmul, erms, rtm, 3dnowpref, lzcnt, ht, tsc, tscinvbit, bmi1, bmi2, adx, fma

Memory: 4k page, system-wide physical 16242M (2295M free)
TotalPageFile size 25970M (AvailPageFile size 5848M)
current process WorkingSet (physical memory assigned to process): 145M, peak: 162M
current process commit charge ("private bytes"): 237M, peak: 268M

vm_info: Java HotSpot(TM) 64-Bit Server VM (11.0.11+9-LTS-194) for windows-amd64 JRE (11.0.11+9-LTS-194), built on Mar 18 2021 18:46:53 by "mach5one" with MS VC++ 15.9 (VS2017)

END.
